c:\users\robotcomp.ru\desktop\oporaauto\nxdrawutils\x64\debug\shayba_20l_65g_013_gost_6402.pch
c:\users\robotcomp.ru\desktop\oporaauto\nxdrawutils\x64\debug\vc143.pdb
c:\users\robotcomp.ru\desktop\oporaauto\nxdrawutils\x64\debug\vc143.idb
c:\users\robotcomp.ru\desktop\oporaauto\nxdrawutils\x64\debug\pch.obj
c:\users\robotcomp.ru\desktop\oporaauto\nxdrawutils\x64\debug\dllmain.obj
c:\users\robotcomp.ru\desktop\oporaauto\opora_auto\x64\debug\shayba_20l_65g_013_gost_6402.dll
c:\users\robotcomp.ru\desktop\oporaauto\opora_auto\x64\debug\shayba_20l_65g_013_gost_6402.pdb
c:\users\robotcomp.ru\desktop\oporaauto\opora_auto\x64\debug\shayba_20l_65g_013_gost_6402.lib
c:\users\robotcomp.ru\desktop\oporaauto\opora_auto\x64\debug\shayba_20l_65g_013_gost_6402.exp
c:\users\robotcomp.ru\desktop\oporaauto\nxdrawutils\x64\debug\shayba_20l_65g_013_gost_6402.ilk
c:\users\robotcomp.ru\desktop\oporaauto\nxdrawutils\x64\debug\nxdrawutils.ilk
c:\users\robotcomp.ru\desktop\oporaauto\nxdrawutils\x64\debug\nxdrawutils.pch
c:\users\robotcomp.ru\desktop\oporaauto\nxdrawutils\x64\debug\shayba_2.d14280c3.tlog\cl.command.1.tlog
c:\users\robotcomp.ru\desktop\oporaauto\nxdrawutils\x64\debug\shayba_2.d14280c3.tlog\cl.items.tlog
c:\users\robotcomp.ru\desktop\oporaauto\nxdrawutils\x64\debug\shayba_2.d14280c3.tlog\cl.read.1.tlog
c:\users\robotcomp.ru\desktop\oporaauto\nxdrawutils\x64\debug\shayba_2.d14280c3.tlog\cl.write.1.tlog
c:\users\robotcomp.ru\desktop\oporaauto\nxdrawutils\x64\debug\shayba_2.d14280c3.tlog\link.command.1.tlog
c:\users\robotcomp.ru\desktop\oporaauto\nxdrawutils\x64\debug\shayba_2.d14280c3.tlog\link.read.1.tlog
c:\users\robotcomp.ru\desktop\oporaauto\nxdrawutils\x64\debug\shayba_2.d14280c3.tlog\link.secondary.1.tlog
c:\users\robotcomp.ru\desktop\oporaauto\nxdrawutils\x64\debug\shayba_2.d14280c3.tlog\link.write.1.tlog
